<component name="libraryTable">
  <library name="junit-4.13-beta-2">
    <CLASSES>
      <root url="jar://$PROJECT_DIR$/../Desktop/Add/junit-4.13-beta-2.jar!/" />
      <root url="jar://$PROJECT_DIR$/../Desktop/Add/hamcrest-core-1.3.jar!/" />
    </CLASSES>
    <JAVADOC />
    <SOURCES />
  </library>
</component>